<?xml version="1.0" encoding="UTF-8"?>
<!-- Generated by org.testng.reporters.JUnitReportReporter -->
<testsuite hostname="WINJIT149" name="TC_01_PlayVideo" tests="1" failures="0" timestamp="22 Jul 2014 10:45:40 GMT" time="261.985" errors="0">
  <testcase name="functionName" time="261.985" classname="TC_01_PlayVideo"/>
</testsuite> <!-- TC_01_PlayVideo -->
