<?xml version="1.0" encoding="UTF-8"?>
<!-- Generated by org.testng.reporters.JUnitReportReporter -->
<testsuite hostname="WINJIT149" name="Sikuli_Play_Video" tests="1" failures="0" timestamp="22 Jul 2014 10:34:52 GMT" time="379.915" errors="0">
  <testcase name="functionName" time="379.915" classname="Sikuli_Play_Video"/>
</testsuite> <!-- Sikuli_Play_Video -->
